<?xml version="1.0" encoding="UTF-8"?>
<testsuite name="com.company.shapes.logic.LogicUnitTests" tests="10" skipped="0" failures="0" errors="0" timestamp="2023-10-09T17:22:30" hostname="DESKTOP-VKD91PK" time="0.009">
  <properties/>
  <testcase name="testCircleArea" classname="com.company.shapes.logic.LogicUnitTests" time="0.005"/>
  <testcase name="testRightTrianglePerimeter" classname="com.company.shapes.logic.LogicUnitTests" time="0.0"/>
  <testcase name="testRightTriangleArea" classname="com.company.shapes.logic.LogicUnitTests" time="0.001"/>
  <testcase name="testRectangleArea" classname="com.company.shapes.logic.LogicUnitTests" time="0.0"/>
  <testcase name="testRectanglePerimeter" classname="com.company.shapes.logic.LogicUnitTests" time="0.0"/>
  <testcase name="testCircleCircumference" classname="com.company.shapes.logic.LogicUnitTests" time="0.0"/>
  <testcase name="testBoxSurfaceArea" classname="com.company.shapes.logic.LogicUnitTests" time="0.0"/>
  <testcase name="testSphereVolume" classname="com.company.shapes.logic.LogicUnitTests" time="0.0"/>
  <testcase name="testSphereSurfaceArea" classname="com.company.shapes.logic.LogicUnitTests" time="0.0"/>
  <testcase name="testBoxVolume" classname="com.company.shapes.logic.LogicUnitTests" time="0.0"/>
  <system-out><![CDATA[]]></system-out>
  <system-err><![CDATA[]]></system-err>
</testsuite>
